<?xml version="1.0" encoding="UTF-8"?>
<!-- Generated by org.testng.reporters.JUnitReportReporter -->
<testsuite hostname="DESKTOP-MOEREO5" failures="0" tests="2" name="endtoend.frame.homePage" time="259.848" errors="0" timestamp="2022-03-29T02:07:49 IST" skipped="0">
  <testcase classname="endtoend.frame.homePage" name="browse" time="168.899"/>
  <system-out/>
  <testcase classname="endtoend.frame.homePage" name="browse" time="90.949"/>
  <system-out/>
</testsuite> <!-- endtoend.frame.homePage -->
