<?xml version="1.0" encoding="UTF-8"?>
<!-- Generated by org.testng.reporters.JUnitReportReporter -->
<testsuite hostname="DESKTOP-MOEREO5" failures="0" tests="1" name="endtoend.frame.loginPage" time="92.029" errors="0" timestamp="2022-03-16T05:45:36 IST" skipped="0">
  <testcase classname="endtoend.frame.loginPage" name="browse" time="92.029"/>
  <system-out/>
</testsuite> <!-- endtoend.frame.loginPage -->
